[0412/123838.120:ERROR:gpu_init.cc(426)] Passthrough is not supported, GL is disabled
[0412/130338.505:ERROR:cache_util_win.cc(20)] Unable to move the cache: Access is denied. (0x5)
[0412/130338.507:ERROR:cache_util.cc(144)] Unable to move cache folder C:/Users/Kette/OneDrive/Documents/Unreal Projects/project-w/ProjectW/Saved/webcache_4430\Cache to C:/Users/Kette/OneDrive/Documents/Unreal Projects/project-w/ProjectW/Saved/webcache_4430\old_Cache_000
[0412/130338.507:ERROR:disk_cache.cc(184)] Unable to create cache
[0412/130356.404:WARNING:value_store_frontend.cc(45)] Reading mhjfbmdgcfjbbpaeojofohoefgiehjai.alarms from  failed: IO error: .../LOCK: File currently in use. (ChromeMethodBFE: 15::LockFile::2)
[0412/130538.203:ERROR:gpu_init.cc(426)] Passthrough is not supported, GL is disabled
[0412/131831.347:WARNING:dns_config_service_win.cc(712)] Failed to read DnsConfig.
[0412/131836.367:WARNING:dns_config_service_win.cc(712)] Failed to read DnsConfig.
[0412/131841.372:WARNING:dns_config_service_win.cc(712)] Failed to read DnsConfig.
[0412/131846.380:WARNING:dns_config_service_win.cc(712)] Failed to read DnsConfig.
[0412/131851.394:WARNING:dns_config_service_win.cc(712)] Failed to read DnsConfig.
[0412/131856.405:WARNING:dns_config_service_win.cc(712)] Failed to read DnsConfig.
[0412/131901.427:WARNING:dns_config_service_win.cc(712)] Failed to read DnsConfig.
[0412/131906.449:WARNING:dns_config_service_win.cc(712)] Failed to read DnsConfig.
[0412/131911.459:WARNING:dns_config_service_win.cc(712)] Failed to read DnsConfig.
[0412/131916.470:WARNING:dns_config_service_win.cc(712)] Failed to read DnsConfig.
[0412/131921.491:WARNING:dns_config_service_win.cc(712)] Failed to read DnsConfig.
[0412/131926.506:WARNING:dns_config_service_win.cc(712)] Failed to read DnsConfig.
[0412/131931.522:WARNING:dns_config_service_win.cc(712)] Failed to read DnsConfig.
[0412/131936.530:WARNING:dns_config_service_win.cc(712)] Failed to read DnsConfig.
[0412/131941.545:WARNING:dns_config_service_win.cc(712)] Failed to read DnsConfig.
[0412/131946.553:WARNING:dns_config_service_win.cc(712)] Failed to read DnsConfig.
[0412/131951.561:WARNING:dns_config_service_win.cc(712)] Failed to read DnsConfig.
[0412/131956.576:WARNING:dns_config_service_win.cc(712)] Failed to read DnsConfig.
[0412/132001.585:WARNING:dns_config_service_win.cc(712)] Failed to read DnsConfig.
[0412/132006.598:WARNING:dns_config_service_win.cc(712)] Failed to read DnsConfig.
[0412/132011.613:WARNING:dns_config_service_win.cc(712)] Failed to read DnsConfig.
[0412/132016.623:WARNING:dns_config_service_win.cc(712)] Failed to read DnsConfig.
[0412/132021.639:WARNING:dns_config_service_win.cc(712)] Failed to read DnsConfig.
[0412/132026.657:WARNING:dns_config_service_win.cc(712)] Failed to read DnsConfig.
[0412/132031.673:WARNING:dns_config_service_win.cc(712)] Failed to read DnsConfig.
[0412/132036.689:WARNING:dns_config_service_win.cc(712)] Failed to read DnsConfig.
[0412/132041.704:WARNING:dns_config_service_win.cc(712)] Failed to read DnsConfig.
[0412/132046.725:WARNING:dns_config_service_win.cc(712)] Failed to read DnsConfig.
[0412/132051.738:WARNING:dns_config_service_win.cc(712)] Failed to read DnsConfig.
[0412/132056.761:WARNING:dns_config_service_win.cc(712)] Failed to read DnsConfig.
[0412/132101.776:WARNING:dns_config_service_win.cc(712)] Failed to read DnsConfig.
[0412/132106.787:WARNING:dns_config_service_win.cc(712)] Failed to read DnsConfig.
[0412/132111.802:WARNING:dns_config_service_win.cc(712)] Failed to read DnsConfig.
[0412/132116.807:WARNING:dns_config_service_win.cc(712)] Failed to read DnsConfig.
[0412/132121.828:WARNING:dns_config_service_win.cc(712)] Failed to read DnsConfig.
[0412/132126.842:WARNING:dns_config_service_win.cc(712)] Failed to read DnsConfig.
[0412/132131.851:WARNING:dns_config_service_win.cc(712)] Failed to read DnsConfig.
[0412/132136.943:WARNING:dns_config_service_win.cc(712)] Failed to read DnsConfig.
[0412/132141.953:WARNING:dns_config_service_win.cc(712)] Failed to read DnsConfig.
[0412/132146.962:WARNING:dns_config_service_win.cc(712)] Failed to read DnsConfig.
[0412/132151.971:WARNING:dns_config_service_win.cc(712)] Failed to read DnsConfig.
[0412/132156.984:WARNING:dns_config_service_win.cc(712)] Failed to read DnsConfig.
[0412/132201.998:WARNING:dns_config_service_win.cc(712)] Failed to read DnsConfig.
[0412/132207.014:WARNING:dns_config_service_win.cc(712)] Failed to read DnsConfig.
[0412/132212.022:WARNING:dns_config_service_win.cc(712)] Failed to read DnsConfig.
[0412/132217.042:WARNING:dns_config_service_win.cc(712)] Failed to read DnsConfig.
[0412/132222.060:WARNING:dns_config_service_win.cc(712)] Failed to read DnsConfig.
[0412/132227.072:WARNING:dns_config_service_win.cc(712)] Failed to read DnsConfig.
[0412/132232.079:WARNING:dns_config_service_win.cc(712)] Failed to read DnsConfig.
[0412/132237.090:WARNING:dns_config_service_win.cc(712)] Failed to read DnsConfig.
[0412/132242.109:WARNING:dns_config_service_win.cc(712)] Failed to read DnsConfig.
[0412/132247.125:WARNING:dns_config_service_win.cc(712)] Failed to read DnsConfig.
[0412/132252.141:WARNING:dns_config_service_win.cc(712)] Failed to read DnsConfig.
[0412/132257.159:WARNING:dns_config_service_win.cc(712)] Failed to read DnsConfig.
[0412/132302.174:WARNING:dns_config_service_win.cc(712)] Failed to read DnsConfig.
[0412/132307.184:WARNING:dns_config_service_win.cc(712)] Failed to read DnsConfig.
[0412/132312.205:WARNING:dns_config_service_win.cc(712)] Failed to read DnsConfig.
[0412/132317.217:WARNING:dns_config_service_win.cc(712)] Failed to read DnsConfig.
[0412/140138.603:WARNING:dns_config_service_win.cc(712)] Failed to read DnsConfig.
[0412/140143.612:WARNING:dns_config_service_win.cc(712)] Failed to read DnsConfig.
[0412/140148.380:WARNING:dns_config_service_win.cc(712)] Failed to read DnsConfig.
[0412/140148.618:WARNING:dns_config_service_win.cc(712)] Failed to read DnsConfig.
[0412/140153.384:WARNING:dns_config_service_win.cc(712)] Failed to read DnsConfig.
[0412/140153.621:WARNING:dns_config_service_win.cc(712)] Failed to read DnsConfig.
[0412/140158.390:WARNING:dns_config_service_win.cc(712)] Failed to read DnsConfig.
[0412/140158.628:WARNING:dns_config_service_win.cc(712)] Failed to read DnsConfig.
[0412/140203.397:WARNING:dns_config_service_win.cc(712)] Failed to read DnsConfig.
[0412/140203.631:WARNING:dns_config_service_win.cc(712)] Failed to read DnsConfig.
[0412/140208.414:WARNING:dns_config_service_win.cc(712)] Failed to read DnsConfig.
[0412/140208.635:WARNING:dns_config_service_win.cc(712)] Failed to read DnsConfig.
[0412/140213.432:WARNING:dns_config_service_win.cc(712)] Failed to read DnsConfig.
[0412/140213.641:WARNING:dns_config_service_win.cc(712)] Failed to read DnsConfig.
[0412/140218.448:WARNING:dns_config_service_win.cc(712)] Failed to read DnsConfig.
[0412/140218.646:WARNING:dns_config_service_win.cc(712)] Failed to read DnsConfig.
[0412/140223.463:WARNING:dns_config_service_win.cc(712)] Failed to read DnsConfig.
[0412/140223.651:WARNING:dns_config_service_win.cc(712)] Failed to read DnsConfig.
[0412/140228.469:WARNING:dns_config_service_win.cc(712)] Failed to read DnsConfig.
[0412/140228.655:WARNING:dns_config_service_win.cc(712)] Failed to read DnsConfig.
[0412/140233.480:WARNING:dns_config_service_win.cc(712)] Failed to read DnsConfig.
[0412/140233.661:WARNING:dns_config_service_win.cc(712)] Failed to read DnsConfig.
[0412/140238.489:WARNING:dns_config_service_win.cc(712)] Failed to read DnsConfig.
[0412/140238.666:WARNING:dns_config_service_win.cc(712)] Failed to read DnsConfig.
[0412/140243.503:WARNING:dns_config_service_win.cc(712)] Failed to read DnsConfig.
[0412/140243.670:WARNING:dns_config_service_win.cc(712)] Failed to read DnsConfig.
[0412/140248.514:WARNING:dns_config_service_win.cc(712)] Failed to read DnsConfig.
[0412/140248.677:WARNING:dns_config_service_win.cc(712)] Failed to read DnsConfig.
[0412/140253.529:WARNING:dns_config_service_win.cc(712)] Failed to read DnsConfig.
[0412/140253.681:WARNING:dns_config_service_win.cc(712)] Failed to read DnsConfig.
[0412/140258.546:WARNING:dns_config_service_win.cc(712)] Failed to read DnsConfig.
[0412/140258.685:WARNING:dns_config_service_win.cc(712)] Failed to read DnsConfig.
[0412/140303.552:WARNING:dns_config_service_win.cc(712)] Failed to read DnsConfig.
[0412/140303.691:WARNING:dns_config_service_win.cc(712)] Failed to read DnsConfig.
[0412/140308.561:WARNING:dns_config_service_win.cc(712)] Failed to read DnsConfig.
[0412/140308.697:WARNING:dns_config_service_win.cc(712)] Failed to read DnsConfig.
[0412/140313.566:WARNING:dns_config_service_win.cc(712)] Failed to read DnsConfig.
[0412/140313.700:WARNING:dns_config_service_win.cc(712)] Failed to read DnsConfig.
[0412/140318.576:WARNING:dns_config_service_win.cc(712)] Failed to read DnsConfig.
[0412/140318.705:WARNING:dns_config_service_win.cc(712)] Failed to read DnsConfig.
[0412/140323.595:WARNING:dns_config_service_win.cc(712)] Failed to read DnsConfig.
[0412/140323.712:WARNING:dns_config_service_win.cc(712)] Failed to read DnsConfig.
[0412/140328.613:WARNING:dns_config_service_win.cc(712)] Failed to read DnsConfig.
[0412/140328.716:WARNING:dns_config_service_win.cc(712)] Failed to read DnsConfig.
[0412/140333.628:WARNING:dns_config_service_win.cc(712)] Failed to read DnsConfig.
[0412/140333.721:WARNING:dns_config_service_win.cc(712)] Failed to read DnsConfig.
[0412/140338.632:WARNING:dns_config_service_win.cc(712)] Failed to read DnsConfig.
[0412/140338.729:WARNING:dns_config_service_win.cc(712)] Failed to read DnsConfig.
[0412/140343.639:WARNING:dns_config_service_win.cc(712)] Failed to read DnsConfig.
[0412/140343.734:WARNING:dns_config_service_win.cc(712)] Failed to read DnsConfig.
[0412/140348.645:WARNING:dns_config_service_win.cc(712)] Failed to read DnsConfig.
[0412/140348.738:WARNING:dns_config_service_win.cc(712)] Failed to read DnsConfig.
[0412/140353.662:WARNING:dns_config_service_win.cc(712)] Failed to read DnsConfig.
[0412/140353.744:WARNING:dns_config_service_win.cc(712)] Failed to read DnsConfig.
[0412/140358.676:WARNING:dns_config_service_win.cc(712)] Failed to read DnsConfig.
[0412/140358.748:WARNING:dns_config_service_win.cc(712)] Failed to read DnsConfig.
[0412/140403.695:WARNING:dns_config_service_win.cc(712)] Failed to read DnsConfig.
[0412/140403.752:WARNING:dns_config_service_win.cc(712)] Failed to read DnsConfig.
[0412/140408.704:WARNING:dns_config_service_win.cc(712)] Failed to read DnsConfig.
[0412/140408.757:WARNING:dns_config_service_win.cc(712)] Failed to read DnsConfig.
[0412/140413.713:WARNING:dns_config_service_win.cc(712)] Failed to read DnsConfig.
[0412/140413.762:WARNING:dns_config_service_win.cc(712)] Failed to read DnsConfig.
[0412/140418.719:WARNING:dns_config_service_win.cc(712)] Failed to read DnsConfig.
[0412/140418.767:WARNING:dns_config_service_win.cc(712)] Failed to read DnsConfig.
[0412/140423.731:WARNING:dns_config_service_win.cc(712)] Failed to read DnsConfig.
[0412/140423.771:WARNING:dns_config_service_win.cc(712)] Failed to read DnsConfig.
[0412/140428.743:WARNING:dns_config_service_win.cc(712)] Failed to read DnsConfig.
[0412/140428.779:WARNING:dns_config_service_win.cc(712)] Failed to read DnsConfig.
[0412/140433.751:WARNING:dns_config_service_win.cc(712)] Failed to read DnsConfig.
[0412/140433.783:WARNING:dns_config_service_win.cc(712)] Failed to read DnsConfig.
[0412/140438.769:WARNING:dns_config_service_win.cc(712)] Failed to read DnsConfig.
[0412/140438.788:WARNING:dns_config_service_win.cc(712)] Failed to read DnsConfig.
[0412/140443.790:WARNING:dns_config_service_win.cc(712)] Failed to read DnsConfig.
[0412/140443.792:WARNING:dns_config_service_win.cc(712)] Failed to read DnsConfig.
[0412/140448.797:WARNING:dns_config_service_win.cc(712)] Failed to read DnsConfig.
[0412/140448.797:WARNING:dns_config_service_win.cc(712)] Failed to read DnsConfig.
[0412/140453.801:WARNING:dns_config_service_win.cc(712)] Failed to read DnsConfig.
[0412/140453.814:WARNING:dns_config_service_win.cc(712)] Failed to read DnsConfig.
[0412/154125.745:WARNING:dns_config_service_win.cc(712)] Failed to read DnsConfig.
[0412/154130.749:WARNING:dns_config_service_win.cc(712)] Failed to read DnsConfig.
[0412/154135.758:WARNING:dns_config_service_win.cc(712)] Failed to read DnsConfig.
[0412/154140.761:WARNING:dns_config_service_win.cc(712)] Failed to read DnsConfig.
[0412/154145.764:WARNING:dns_config_service_win.cc(712)] Failed to read DnsConfig.
[0412/154150.773:WARNING:dns_config_service_win.cc(712)] Failed to read DnsConfig.
[0412/154155.777:WARNING:dns_config_service_win.cc(712)] Failed to read DnsConfig.
[0412/154200.785:WARNING:dns_config_service_win.cc(712)] Failed to read DnsConfig.
[0412/154205.789:WARNING:dns_config_service_win.cc(712)] Failed to read DnsConfig.
[0412/154210.796:WARNING:dns_config_service_win.cc(712)] Failed to read DnsConfig.
[0412/154215.801:WARNING:dns_config_service_win.cc(712)] Failed to read DnsConfig.
[0412/154220.806:WARNING:dns_config_service_win.cc(712)] Failed to read DnsConfig.
[0412/154225.813:WARNING:dns_config_service_win.cc(712)] Failed to read DnsConfig.
[0412/154230.819:WARNING:dns_config_service_win.cc(712)] Failed to read DnsConfig.
[0412/154235.825:WARNING:dns_config_service_win.cc(712)] Failed to read DnsConfig.
[0412/154240.831:WARNING:dns_config_service_win.cc(712)] Failed to read DnsConfig.
[0412/154245.835:WARNING:dns_config_service_win.cc(712)] Failed to read DnsConfig.
[0412/154250.843:WARNING:dns_config_service_win.cc(712)] Failed to read DnsConfig.
[0412/154255.846:WARNING:dns_config_service_win.cc(712)] Failed to read DnsConfig.
[0412/154300.852:WARNING:dns_config_service_win.cc(712)] Failed to read DnsConfig.
[0412/154305.855:WARNING:dns_config_service_win.cc(712)] Failed to read DnsConfig.
[0412/154310.863:WARNING:dns_config_service_win.cc(712)] Failed to read DnsConfig.
[0412/154315.873:WARNING:dns_config_service_win.cc(712)] Failed to read DnsConfig.
[0412/154320.876:WARNING:dns_config_service_win.cc(712)] Failed to read DnsConfig.
[0412/154325.884:WARNING:dns_config_service_win.cc(712)] Failed to read DnsConfig.
[0412/154330.891:WARNING:dns_config_service_win.cc(712)] Failed to read DnsConfig.
[0412/154335.898:WARNING:dns_config_service_win.cc(712)] Failed to read DnsConfig.
[0412/154340.905:WARNING:dns_config_service_win.cc(712)] Failed to read DnsConfig.
[0412/154345.911:WARNING:dns_config_service_win.cc(712)] Failed to read DnsConfig.
[0412/154350.915:WARNING:dns_config_service_win.cc(712)] Failed to read DnsConfig.
[0412/154355.921:WARNING:dns_config_service_win.cc(712)] Failed to read DnsConfig.
[0412/154400.926:WARNING:dns_config_service_win.cc(712)] Failed to read DnsConfig.
[0412/154405.931:WARNING:dns_config_service_win.cc(712)] Failed to read DnsConfig.
[0412/154410.939:WARNING:dns_config_service_win.cc(712)] Failed to read DnsConfig.
[0412/154415.944:WARNING:dns_config_service_win.cc(712)] Failed to read DnsConfig.
[0412/154420.946:WARNING:dns_config_service_win.cc(712)] Failed to read DnsConfig.
[0412/154425.952:WARNING:dns_config_service_win.cc(712)] Failed to read DnsConfig.
[0412/154430.958:WARNING:dns_config_service_win.cc(712)] Failed to read DnsConfig.
[0412/154435.962:WARNING:dns_config_service_win.cc(712)] Failed to read DnsConfig.
[0412/154440.965:WARNING:dns_config_service_win.cc(712)] Failed to read DnsConfig.
[0412/154445.972:WARNING:dns_config_service_win.cc(712)] Failed to read DnsConfig.
[0412/154450.977:WARNING:dns_config_service_win.cc(712)] Failed to read DnsConfig.
[0412/154455.983:WARNING:dns_config_service_win.cc(712)] Failed to read DnsConfig.
[0412/154500.991:WARNING:dns_config_service_win.cc(712)] Failed to read DnsConfig.
[0412/154505.997:WARNING:dns_config_service_win.cc(712)] Failed to read DnsConfig.
[0412/154511.003:WARNING:dns_config_service_win.cc(712)] Failed to read DnsConfig.
[0412/154516.009:WARNING:dns_config_service_win.cc(712)] Failed to read DnsConfig.
[0412/154521.014:WARNING:dns_config_service_win.cc(712)] Failed to read DnsConfig.
[0412/154526.019:WARNING:dns_config_service_win.cc(712)] Failed to read DnsConfig.
[0412/154531.025:WARNING:dns_config_service_win.cc(712)] Failed to read DnsConfig.
[0412/154536.030:WARNING:dns_config_service_win.cc(712)] Failed to read DnsConfig.
[0412/154541.036:WARNING:dns_config_service_win.cc(712)] Failed to read DnsConfig.
[0412/154546.044:WARNING:dns_config_service_win.cc(712)] Failed to read DnsConfig.
[0412/154551.050:WARNING:dns_config_service_win.cc(712)] Failed to read DnsConfig.
[0412/154556.058:WARNING:dns_config_service_win.cc(712)] Failed to read DnsConfig.
[0412/154601.062:WARNING:dns_config_service_win.cc(712)] Failed to read DnsConfig.
[0412/154606.069:WARNING:dns_config_service_win.cc(712)] Failed to read DnsConfig.
[0412/154611.074:WARNING:dns_config_service_win.cc(712)] Failed to read DnsConfig.
[0412/154616.079:WARNING:dns_config_service_win.cc(712)] Failed to read DnsConfig.
[0412/154621.083:WARNING:dns_config_service_win.cc(712)] Failed to read DnsConfig.
[0412/154626.092:WARNING:dns_config_service_win.cc(712)] Failed to read DnsConfig.
[0412/154631.096:WARNING:dns_config_service_win.cc(712)] Failed to read DnsConfig.
[0412/154636.101:WARNING:dns_config_service_win.cc(712)] Failed to read DnsConfig.
[0412/154641.104:WARNING:dns_config_service_win.cc(712)] Failed to read DnsConfig.
[0412/154646.111:WARNING:dns_config_service_win.cc(712)] Failed to read DnsConfig.
[0412/154651.118:WARNING:dns_config_service_win.cc(712)] Failed to read DnsConfig.
[0412/154656.126:WARNING:dns_config_service_win.cc(712)] Failed to read DnsConfig.
[0412/154701.133:WARNING:dns_config_service_win.cc(712)] Failed to read DnsConfig.
[0412/154706.142:WARNING:dns_config_service_win.cc(712)] Failed to read DnsConfig.
[0412/154711.148:WARNING:dns_config_service_win.cc(712)] Failed to read DnsConfig.
[0412/154716.154:WARNING:dns_config_service_win.cc(712)] Failed to read DnsConfig.
[0412/154721.159:WARNING:dns_config_service_win.cc(712)] Failed to read DnsConfig.
[0412/154726.164:WARNING:dns_config_service_win.cc(712)] Failed to read DnsConfig.
[0412/154731.169:WARNING:dns_config_service_win.cc(712)] Failed to read DnsConfig.
[0412/154736.181:WARNING:dns_config_service_win.cc(712)] Failed to read DnsConfig.
[0412/154741.187:WARNING:dns_config_service_win.cc(712)] Failed to read DnsConfig.
[0412/154746.193:WARNING:dns_config_service_win.cc(712)] Failed to read DnsConfig.
[0412/154751.199:WARNING:dns_config_service_win.cc(712)] Failed to read DnsConfig.
[0412/154756.205:WARNING:dns_config_service_win.cc(712)] Failed to read DnsConfig.
[0412/154801.212:WARNING:dns_config_service_win.cc(712)] Failed to read DnsConfig.
[0412/154806.219:WARNING:dns_config_service_win.cc(712)] Failed to read DnsConfig.
[0412/154811.228:WARNING:dns_config_service_win.cc(712)] Failed to read DnsConfig.
[0412/154816.234:WARNING:dns_config_service_win.cc(712)] Failed to read DnsConfig.
[0412/154821.241:WARNING:dns_config_service_win.cc(712)] Failed to read DnsConfig.
[0412/154826.245:WARNING:dns_config_service_win.cc(712)] Failed to read DnsConfig.
[0412/154831.252:WARNING:dns_config_service_win.cc(712)] Failed to read DnsConfig.
[0412/154836.259:WARNING:dns_config_service_win.cc(712)] Failed to read DnsConfig.
[0412/154841.264:WARNING:dns_config_service_win.cc(712)] Failed to read DnsConfig.
[0412/154846.268:WARNING:dns_config_service_win.cc(712)] Failed to read DnsConfig.
[0412/154851.272:WARNING:dns_config_service_win.cc(712)] Failed to read DnsConfig.
[0412/154856.278:WARNING:dns_config_service_win.cc(712)] Failed to read DnsConfig.
[0412/154901.285:WARNING:dns_config_service_win.cc(712)] Failed to read DnsConfig.
[0412/154906.289:WARNING:dns_config_service_win.cc(712)] Failed to read DnsConfig.
[0412/154911.297:WARNING:dns_config_service_win.cc(712)] Failed to read DnsConfig.
[0412/154916.304:WARNING:dns_config_service_win.cc(712)] Failed to read DnsConfig.
[0412/154921.309:WARNING:dns_config_service_win.cc(712)] Failed to read DnsConfig.
[0412/154926.315:WARNING:dns_config_service_win.cc(712)] Failed to read DnsConfig.
[0412/154931.322:WARNING:dns_config_service_win.cc(712)] Failed to read DnsConfig.
[0412/154936.329:WARNING:dns_config_service_win.cc(712)] Failed to read DnsConfig.
[0412/154941.336:WARNING:dns_config_service_win.cc(712)] Failed to read DnsConfig.
[0412/154946.339:WARNING:dns_config_service_win.cc(712)] Failed to read DnsConfig.
[0412/154951.346:WARNING:dns_config_service_win.cc(712)] Failed to read DnsConfig.
[0412/154956.351:WARNING:dns_config_service_win.cc(712)] Failed to read DnsConfig.
[0412/155001.358:WARNING:dns_config_service_win.cc(712)] Failed to read DnsConfig.
[0412/155006.366:WARNING:dns_config_service_win.cc(712)] Failed to read DnsConfig.
[0412/155011.372:WARNING:dns_config_service_win.cc(712)] Failed to read DnsConfig.
[0412/155016.381:WARNING:dns_config_service_win.cc(712)] Failed to read DnsConfig.
[0412/155021.388:WARNING:dns_config_service_win.cc(712)] Failed to read DnsConfig.
[0412/155026.396:WARNING:dns_config_service_win.cc(712)] Failed to read DnsConfig.
[0412/155031.402:WARNING:dns_config_service_win.cc(712)] Failed to read DnsConfig.
[0412/155036.406:WARNING:dns_config_service_win.cc(712)] Failed to read DnsConfig.
[0412/155041.411:WARNING:dns_config_service_win.cc(712)] Failed to read DnsConfig.
[0412/155046.415:WARNING:dns_config_service_win.cc(712)] Failed to read DnsConfig.
[0412/155051.420:WARNING:dns_config_service_win.cc(712)] Failed to read DnsConfig.
[0412/155056.426:WARNING:dns_config_service_win.cc(712)] Failed to read DnsConfig.
[0412/155101.434:WARNING:dns_config_service_win.cc(712)] Failed to read DnsConfig.
[0412/155106.442:WARNING:dns_config_service_win.cc(712)] Failed to read DnsConfig.
[0412/155111.445:WARNING:dns_config_service_win.cc(712)] Failed to read DnsConfig.
[0412/155116.453:WARNING:dns_config_service_win.cc(712)] Failed to read DnsConfig.
[0412/155121.459:WARNING:dns_config_service_win.cc(712)] Failed to read DnsConfig.
[0412/155126.464:WARNING:dns_config_service_win.cc(712)] Failed to read DnsConfig.
[0412/155131.472:WARNING:dns_config_service_win.cc(712)] Failed to read DnsConfig.
[0412/155136.477:WARNING:dns_config_service_win.cc(712)] Failed to read DnsConfig.
[0412/155141.484:WARNING:dns_config_service_win.cc(712)] Failed to read DnsConfig.
[0412/155146.488:WARNING:dns_config_service_win.cc(712)] Failed to read DnsConfig.
[0412/155151.496:WARNING:dns_config_service_win.cc(712)] Failed to read DnsConfig.
[0412/155156.500:WARNING:dns_config_service_win.cc(712)] Failed to read DnsConfig.
[0412/155201.506:WARNING:dns_config_service_win.cc(712)] Failed to read DnsConfig.
[0412/155206.514:WARNING:dns_config_service_win.cc(712)] Failed to read DnsConfig.
[0412/155211.521:WARNING:dns_config_service_win.cc(712)] Failed to read DnsConfig.
[0412/155216.528:WARNING:dns_config_service_win.cc(712)] Failed to read DnsConfig.
[0412/155221.535:WARNING:dns_config_service_win.cc(712)] Failed to read DnsConfig.
[0412/155226.542:WARNING:dns_config_service_win.cc(712)] Failed to read DnsConfig.
[0412/155231.547:WARNING:dns_config_service_win.cc(712)] Failed to read DnsConfig.
[0412/155236.553:WARNING:dns_config_service_win.cc(712)] Failed to read DnsConfig.
[0412/155241.560:WARNING:dns_config_service_win.cc(712)] Failed to read DnsConfig.
[0412/155246.565:WARNING:dns_config_service_win.cc(712)] Failed to read DnsConfig.
[0412/155251.572:WARNING:dns_config_service_win.cc(712)] Failed to read DnsConfig.
[0412/155256.579:WARNING:dns_config_service_win.cc(712)] Failed to read DnsConfig.
[0412/155301.586:WARNING:dns_config_service_win.cc(712)] Failed to read DnsConfig.
[0412/155306.594:WARNING:dns_config_service_win.cc(712)] Failed to read DnsConfig.
[0412/155311.601:WARNING:dns_config_service_win.cc(712)] Failed to read DnsConfig.
[0412/155316.607:WARNING:dns_config_service_win.cc(712)] Failed to read DnsConfig.
[0412/155321.611:WARNING:dns_config_service_win.cc(712)] Failed to read DnsConfig.
[0412/155326.617:WARNING:dns_config_service_win.cc(712)] Failed to read DnsConfig.
[0412/155331.624:WARNING:dns_config_service_win.cc(712)] Failed to read DnsConfig.
[0412/155336.627:WARNING:dns_config_service_win.cc(712)] Failed to read DnsConfig.
[0412/155341.632:WARNING:dns_config_service_win.cc(712)] Failed to read DnsConfig.
[0412/155346.639:WARNING:dns_config_service_win.cc(712)] Failed to read DnsConfig.
[0412/155351.646:WARNING:dns_config_service_win.cc(712)] Failed to read DnsConfig.
[0412/155356.649:WARNING:dns_config_service_win.cc(712)] Failed to read DnsConfig.
[0412/155401.654:WARNING:dns_config_service_win.cc(712)] Failed to read DnsConfig.
[0412/155406.658:WARNING:dns_config_service_win.cc(712)] Failed to read DnsConfig.
[0412/155411.664:WARNING:dns_config_service_win.cc(712)] Failed to read DnsConfig.
[0412/155416.670:WARNING:dns_config_service_win.cc(712)] Failed to read DnsConfig.
[0412/155421.677:WARNING:dns_config_service_win.cc(712)] Failed to read DnsConfig.
[0412/155426.684:WARNING:dns_config_service_win.cc(712)] Failed to read DnsConfig.
[0412/155431.691:WARNING:dns_config_service_win.cc(712)] Failed to read DnsConfig.
[0412/155436.698:WARNING:dns_config_service_win.cc(712)] Failed to read DnsConfig.
[0412/155441.703:WARNING:dns_config_service_win.cc(712)] Failed to read DnsConfig.
[0412/155446.708:WARNING:dns_config_service_win.cc(712)] Failed to read DnsConfig.
[0412/155451.713:WARNING:dns_config_service_win.cc(712)] Failed to read DnsConfig.
[0412/155456.721:WARNING:dns_config_service_win.cc(712)] Failed to read DnsConfig.
[0412/155501.729:WARNING:dns_config_service_win.cc(712)] Failed to read DnsConfig.
[0412/155506.736:WARNING:dns_config_service_win.cc(712)] Failed to read DnsConfig.
[0412/155511.743:WARNING:dns_config_service_win.cc(712)] Failed to read DnsConfig.
[0412/155516.751:WARNING:dns_config_service_win.cc(712)] Failed to read DnsConfig.
[0412/155521.755:WARNING:dns_config_service_win.cc(712)] Failed to read DnsConfig.
[0412/155526.762:WARNING:dns_config_service_win.cc(712)] Failed to read DnsConfig.
[0412/155531.768:WARNING:dns_config_service_win.cc(712)] Failed to read DnsConfig.
[0412/155536.775:WARNING:dns_config_service_win.cc(712)] Failed to read DnsConfig.
[0412/155541.782:WARNING:dns_config_service_win.cc(712)] Failed to read DnsConfig.
[0412/155546.788:WARNING:dns_config_service_win.cc(712)] Failed to read DnsConfig.
[0412/155551.794:WARNING:dns_config_service_win.cc(712)] Failed to read DnsConfig.
[0412/155556.799:WARNING:dns_config_service_win.cc(712)] Failed to read DnsConfig.
[0412/155601.806:WARNING:dns_config_service_win.cc(712)] Failed to read DnsConfig.
[0412/155606.814:WARNING:dns_config_service_win.cc(712)] Failed to read DnsConfig.
[0412/155611.818:WARNING:dns_config_service_win.cc(712)] Failed to read DnsConfig.
[0412/155616.824:WARNING:dns_config_service_win.cc(712)] Failed to read DnsConfig.
[0412/155621.828:WARNING:dns_config_service_win.cc(712)] Failed to read DnsConfig.
[0412/155626.835:WARNING:dns_config_service_win.cc(712)] Failed to read DnsConfig.
[0412/155631.841:WARNING:dns_config_service_win.cc(712)] Failed to read DnsConfig.
[0412/155636.849:WARNING:dns_config_service_win.cc(712)] Failed to read DnsConfig.
[0412/155641.856:WARNING:dns_config_service_win.cc(712)] Failed to read DnsConfig.
[0412/155646.862:WARNING:dns_config_service_win.cc(712)] Failed to read DnsConfig.
[0412/155651.868:WARNING:dns_config_service_win.cc(712)] Failed to read DnsConfig.
[0412/155656.877:WARNING:dns_config_service_win.cc(712)] Failed to read DnsConfig.
[0412/155701.882:WARNING:dns_config_service_win.cc(712)] Failed to read DnsConfig.
[0412/155706.889:WARNING:dns_config_service_win.cc(712)] Failed to read DnsConfig.
[0412/155711.899:WARNING:dns_config_service_win.cc(712)] Failed to read DnsConfig.
[0412/155716.904:WARNING:dns_config_service_win.cc(712)] Failed to read DnsConfig.
[0412/155721.911:WARNING:dns_config_service_win.cc(712)] Failed to read DnsConfig.
[0412/155726.915:WARNING:dns_config_service_win.cc(712)] Failed to read DnsConfig.
[0412/155731.920:WARNING:dns_config_service_win.cc(712)] Failed to read DnsConfig.
[0412/155736.926:WARNING:dns_config_service_win.cc(712)] Failed to read DnsConfig.
[0412/155741.934:WARNING:dns_config_service_win.cc(712)] Failed to read DnsConfig.
[0412/155746.940:WARNING:dns_config_service_win.cc(712)] Failed to read DnsConfig.
[0412/155751.944:WARNING:dns_config_service_win.cc(712)] Failed to read DnsConfig.
[0412/155756.950:WARNING:dns_config_service_win.cc(712)] Failed to read DnsConfig.
[0412/155801.956:WARNING:dns_config_service_win.cc(712)] Failed to read DnsConfig.
[0412/155806.963:WARNING:dns_config_service_win.cc(712)] Failed to read DnsConfig.
[0412/155811.969:WARNING:dns_config_service_win.cc(712)] Failed to read DnsConfig.
[0412/155816.976:WARNING:dns_config_service_win.cc(712)] Failed to read DnsConfig.
[0412/155821.984:WARNING:dns_config_service_win.cc(712)] Failed to read DnsConfig.
[0412/155826.991:WARNING:dns_config_service_win.cc(712)] Failed to read DnsConfig.
[0412/155831.996:WARNING:dns_config_service_win.cc(712)] Failed to read DnsConfig.
[0412/155837.004:WARNING:dns_config_service_win.cc(712)] Failed to read DnsConfig.
[0412/155842.007:WARNING:dns_config_service_win.cc(712)] Failed to read DnsConfig.
[0412/155847.013:WARNING:dns_config_service_win.cc(712)] Failed to read DnsConfig.
[0412/155852.017:WARNING:dns_config_service_win.cc(712)] Failed to read DnsConfig.
[0412/155857.024:WARNING:dns_config_service_win.cc(712)] Failed to read DnsConfig.
[0412/155902.028:WARNING:dns_config_service_win.cc(712)] Failed to read DnsConfig.
[0412/155907.035:WARNING:dns_config_service_win.cc(712)] Failed to read DnsConfig.
[0412/155912.042:WARNING:dns_config_service_win.cc(712)] Failed to read DnsConfig.
[0412/155917.045:WARNING:dns_config_service_win.cc(712)] Failed to read DnsConfig.
[0412/155922.050:WARNING:dns_config_service_win.cc(712)] Failed to read DnsConfig.
[0412/155927.057:WARNING:dns_config_service_win.cc(712)] Failed to read DnsConfig.
[0412/155932.063:WARNING:dns_config_service_win.cc(712)] Failed to read DnsConfig.
[0412/155937.070:WARNING:dns_config_service_win.cc(712)] Failed to read DnsConfig.
[0412/155942.076:WARNING:dns_config_service_win.cc(712)] Failed to read DnsConfig.
[0412/155947.082:WARNING:dns_config_service_win.cc(712)] Failed to read DnsConfig.
[0412/155952.086:WARNING:dns_config_service_win.cc(712)] Failed to read DnsConfig.
[0412/155957.094:WARNING:dns_config_service_win.cc(712)] Failed to read DnsConfig.
[0412/160002.102:WARNING:dns_config_service_win.cc(712)] Failed to read DnsConfig.
[0412/160007.108:WARNING:dns_config_service_win.cc(712)] Failed to read DnsConfig.
[0412/160012.117:WARNING:dns_config_service_win.cc(712)] Failed to read DnsConfig.
[0412/160017.119:WARNING:dns_config_service_win.cc(712)] Failed to read DnsConfig.
[0412/160022.128:WARNING:dns_config_service_win.cc(712)] Failed to read DnsConfig.
[0412/160027.132:WARNING:dns_config_service_win.cc(712)] Failed to read DnsConfig.
[0412/160032.137:WARNING:dns_config_service_win.cc(712)] Failed to read DnsConfig.
[0412/160037.139:WARNING:dns_config_service_win.cc(712)] Failed to read DnsConfig.
[0412/160042.147:WARNING:dns_config_service_win.cc(712)] Failed to read DnsConfig.
[0412/160047.153:WARNING:dns_config_service_win.cc(712)] Failed to read DnsConfig.
[0412/160052.157:WARNING:dns_config_service_win.cc(712)] Failed to read DnsConfig.
[0412/160057.162:WARNING:dns_config_service_win.cc(712)] Failed to read DnsConfig.
[0412/160102.168:WARNING:dns_config_service_win.cc(712)] Failed to read DnsConfig.
[0412/160107.174:WARNING:dns_config_service_win.cc(712)] Failed to read DnsConfig.
[0412/160112.180:WARNING:dns_config_service_win.cc(712)] Failed to read DnsConfig.
[0412/160117.185:WARNING:dns_config_service_win.cc(712)] Failed to read DnsConfig.
[0412/160122.189:WARNING:dns_config_service_win.cc(712)] Failed to read DnsConfig.
[0412/160127.195:WARNING:dns_config_service_win.cc(712)] Failed to read DnsConfig.
[0412/160132.200:WARNING:dns_config_service_win.cc(712)] Failed to read DnsConfig.
[0412/160137.204:WARNING:dns_config_service_win.cc(712)] Failed to read DnsConfig.
[0412/160142.211:WARNING:dns_config_service_win.cc(712)] Failed to read DnsConfig.
[0412/160147.214:WARNING:dns_config_service_win.cc(712)] Failed to read DnsConfig.
[0412/160152.221:WARNING:dns_config_service_win.cc(712)] Failed to read DnsConfig.
[0412/160157.225:WARNING:dns_config_service_win.cc(712)] Failed to read DnsConfig.
[0412/160202.232:WARNING:dns_config_service_win.cc(712)] Failed to read DnsConfig.
[0412/160207.237:WARNING:dns_config_service_win.cc(712)] Failed to read DnsConfig.
[0412/160212.243:WARNING:dns_config_service_win.cc(712)] Failed to read DnsConfig.
[0412/160217.250:WARNING:dns_config_service_win.cc(712)] Failed to read DnsConfig.
[0412/160222.255:WARNING:dns_config_service_win.cc(712)] Failed to read DnsConfig.
[0412/160227.258:WARNING:dns_config_service_win.cc(712)] Failed to read DnsConfig.
[0412/160232.263:WARNING:dns_config_service_win.cc(712)] Failed to read DnsConfig.
[0412/160237.270:WARNING:dns_config_service_win.cc(712)] Failed to read DnsConfig.
[0412/160242.276:WARNING:dns_config_service_win.cc(712)] Failed to read DnsConfig.
[0412/160247.283:WARNING:dns_config_service_win.cc(712)] Failed to read DnsConfig.
[0412/160252.287:WARNING:dns_config_service_win.cc(712)] Failed to read DnsConfig.
[0412/160257.296:WARNING:dns_config_service_win.cc(712)] Failed to read DnsConfig.
[0412/160302.301:WARNING:dns_config_service_win.cc(712)] Failed to read DnsConfig.
[0412/160307.304:WARNING:dns_config_service_win.cc(712)] Failed to read DnsConfig.
[0412/160312.307:WARNING:dns_config_service_win.cc(712)] Failed to read DnsConfig.
[0412/160317.316:WARNING:dns_config_service_win.cc(712)] Failed to read DnsConfig.
[0412/160322.318:WARNING:dns_config_service_win.cc(712)] Failed to read DnsConfig.
[0412/160327.327:WARNING:dns_config_service_win.cc(712)] Failed to read DnsConfig.
[0412/160332.332:WARNING:dns_config_service_win.cc(712)] Failed to read DnsConfig.
[0412/160337.337:WARNING:dns_config_service_win.cc(712)] Failed to read DnsConfig.
[0412/160342.339:WARNING:dns_config_service_win.cc(712)] Failed to read DnsConfig.
[0412/160347.345:WARNING:dns_config_service_win.cc(712)] Failed to read DnsConfig.
[0412/160352.349:WARNING:dns_config_service_win.cc(712)] Failed to read DnsConfig.
[0412/160357.355:WARNING:dns_config_service_win.cc(712)] Failed to read DnsConfig.
[0412/160402.363:WARNING:dns_config_service_win.cc(712)] Failed to read DnsConfig.
[0412/160407.370:WARNING:dns_config_service_win.cc(712)] Failed to read DnsConfig.
[0412/160412.374:WARNING:dns_config_service_win.cc(712)] Failed to read DnsConfig.
[0412/160417.383:WARNING:dns_config_service_win.cc(712)] Failed to read DnsConfig.
[0412/160422.387:WARNING:dns_config_service_win.cc(712)] Failed to read DnsConfig.
[0412/160427.393:WARNING:dns_config_service_win.cc(712)] Failed to read DnsConfig.
[0412/160432.399:WARNING:dns_config_service_win.cc(712)] Failed to read DnsConfig.
[0412/160437.406:WARNING:dns_config_service_win.cc(712)] Failed to read DnsConfig.
[0412/160442.411:WARNING:dns_config_service_win.cc(712)] Failed to read DnsConfig.
[0412/160447.417:WARNING:dns_config_service_win.cc(712)] Failed to read DnsConfig.
[0412/160452.424:WARNING:dns_config_service_win.cc(712)] Failed to read DnsConfig.
[0412/160457.430:WARNING:dns_config_service_win.cc(712)] Failed to read DnsConfig.
[0412/160502.436:WARNING:dns_config_service_win.cc(712)] Failed to read DnsConfig.
[0412/160507.442:WARNING:dns_config_service_win.cc(712)] Failed to read DnsConfig.
[0412/160512.449:WARNING:dns_config_service_win.cc(712)] Failed to read DnsConfig.
[0412/160517.456:WARNING:dns_config_service_win.cc(712)] Failed to read DnsConfig.
[0412/160522.461:WARNING:dns_config_service_win.cc(712)] Failed to read DnsConfig.
[0412/160527.467:WARNING:dns_config_service_win.cc(712)] Failed to read DnsConfig.
[0412/160532.473:WARNING:dns_config_service_win.cc(712)] Failed to read DnsConfig.
[0412/160537.481:WARNING:dns_config_service_win.cc(712)] Failed to read DnsConfig.
[0412/160542.487:WARNING:dns_config_service_win.cc(712)] Failed to read DnsConfig.
[0412/160547.493:WARNING:dns_config_service_win.cc(712)] Failed to read DnsConfig.
[0412/160552.500:WARNING:dns_config_service_win.cc(712)] Failed to read DnsConfig.
[0412/160557.506:WARNING:dns_config_service_win.cc(712)] Failed to read DnsConfig.
[0412/160602.509:WARNING:dns_config_service_win.cc(712)] Failed to read DnsConfig.
[0412/160607.513:WARNING:dns_config_service_win.cc(712)] Failed to read DnsConfig.
[0412/160612.521:WARNING:dns_config_service_win.cc(712)] Failed to read DnsConfig.
[0412/160617.525:WARNING:dns_config_service_win.cc(712)] Failed to read DnsConfig.
[0412/160622.531:WARNING:dns_config_service_win.cc(712)] Failed to read DnsConfig.
[0412/160627.535:WARNING:dns_config_service_win.cc(712)] Failed to read DnsConfig.
[0412/160632.538:WARNING:dns_config_service_win.cc(712)] Failed to read DnsConfig.
[0412/160637.547:WARNING:dns_config_service_win.cc(712)] Failed to read DnsConfig.
[0412/160642.550:WARNING:dns_config_service_win.cc(712)] Failed to read DnsConfig.
[0412/160647.553:WARNING:dns_config_service_win.cc(712)] Failed to read DnsConfig.
[0412/160652.561:WARNING:dns_config_service_win.cc(712)] Failed to read DnsConfig.
[0412/160657.569:WARNING:dns_config_service_win.cc(712)] Failed to read DnsConfig.
[0412/160702.572:WARNING:dns_config_service_win.cc(712)] Failed to read DnsConfig.
[0412/160707.580:WARNING:dns_config_service_win.cc(712)] Failed to read DnsConfig.
[0412/160712.583:WARNING:dns_config_service_win.cc(712)] Failed to read DnsConfig.
[0412/160717.591:WARNING:dns_config_service_win.cc(712)] Failed to read DnsConfig.
[0412/160722.598:WARNING:dns_config_service_win.cc(712)] Failed to read DnsConfig.
[0412/160727.605:WARNING:dns_config_service_win.cc(712)] Failed to read DnsConfig.
[0412/160732.612:WARNING:dns_config_service_win.cc(712)] Failed to read DnsConfig.
[0412/160737.617:WARNING:dns_config_service_win.cc(712)] Failed to read DnsConfig.
[0412/160742.623:WARNING:dns_config_service_win.cc(712)] Failed to read DnsConfig.
[0412/160747.632:WARNING:dns_config_service_win.cc(712)] Failed to read DnsConfig.
[0412/160752.639:WARNING:dns_config_service_win.cc(712)] Failed to read DnsConfig.
[0412/160757.648:WARNING:dns_config_service_win.cc(712)] Failed to read DnsConfig.
[0412/160802.654:WARNING:dns_config_service_win.cc(712)] Failed to read DnsConfig.
[0412/160807.663:WARNING:dns_config_service_win.cc(712)] Failed to read DnsConfig.
[0412/160812.671:WARNING:dns_config_service_win.cc(712)] Failed to read DnsConfig.
[0412/160817.679:WARNING:dns_config_service_win.cc(712)] Failed to read DnsConfig.
[0412/160822.685:WARNING:dns_config_service_win.cc(712)] Failed to read DnsConfig.
[0412/160827.689:WARNING:dns_config_service_win.cc(712)] Failed to read DnsConfig.
[0412/160832.695:WARNING:dns_config_service_win.cc(712)] Failed to read DnsConfig.
[0412/160837.702:WARNING:dns_config_service_win.cc(712)] Failed to read DnsConfig.
[0412/160842.706:WARNING:dns_config_service_win.cc(712)] Failed to read DnsConfig.
[0412/160847.712:WARNING:dns_config_service_win.cc(712)] Failed to read DnsConfig.
[0412/160852.717:WARNING:dns_config_service_win.cc(712)] Failed to read DnsConfig.
[0412/160857.724:WARNING:dns_config_service_win.cc(712)] Failed to read DnsConfig.
[0412/160902.727:WARNING:dns_config_service_win.cc(712)] Failed to read DnsConfig.
[0412/160907.731:WARNING:dns_config_service_win.cc(712)] Failed to read DnsConfig.
[0412/160912.735:WARNING:dns_config_service_win.cc(712)] Failed to read DnsConfig.
[0412/160917.739:WARNING:dns_config_service_win.cc(712)] Failed to read DnsConfig.
[0412/160922.747:WARNING:dns_config_service_win.cc(712)] Failed to read DnsConfig.
[0412/160927.750:WARNING:dns_config_service_win.cc(712)] Failed to read DnsConfig.
[0412/160932.756:WARNING:dns_config_service_win.cc(712)] Failed to read DnsConfig.
[0412/160937.764:WARNING:dns_config_service_win.cc(712)] Failed to read DnsConfig.
[0412/160942.769:WARNING:dns_config_service_win.cc(712)] Failed to read DnsConfig.
[0412/160947.776:WARNING:dns_config_service_win.cc(712)] Failed to read DnsConfig.
[0412/160952.783:WARNING:dns_config_service_win.cc(712)] Failed to read DnsConfig.
[0412/160957.788:WARNING:dns_config_service_win.cc(712)] Failed to read DnsConfig.
[0412/161002.795:WARNING:dns_config_service_win.cc(712)] Failed to read DnsConfig.
[0412/161007.801:WARNING:dns_config_service_win.cc(712)] Failed to read DnsConfig.
[0412/161012.808:WARNING:dns_config_service_win.cc(712)] Failed to read DnsConfig.
[0412/161017.813:WARNING:dns_config_service_win.cc(712)] Failed to read DnsConfig.
[0412/161022.820:WARNING:dns_config_service_win.cc(712)] Failed to read DnsConfig.
[0412/161027.824:WARNING:dns_config_service_win.cc(712)] Failed to read DnsConfig.
[0412/161032.828:WARNING:dns_config_service_win.cc(712)] Failed to read DnsConfig.
[0412/161037.835:WARNING:dns_config_service_win.cc(712)] Failed to read DnsConfig.
[0412/161042.839:WARNING:dns_config_service_win.cc(712)] Failed to read DnsConfig.
[0412/161047.846:WARNING:dns_config_service_win.cc(712)] Failed to read DnsConfig.
[0412/161052.851:WARNING:dns_config_service_win.cc(712)] Failed to read DnsConfig.
[0412/161057.857:WARNING:dns_config_service_win.cc(712)] Failed to read DnsConfig.
[0412/161102.865:WARNING:dns_config_service_win.cc(712)] Failed to read DnsConfig.
[0412/161107.872:WARNING:dns_config_service_win.cc(712)] Failed to read DnsConfig.
[0412/161112.877:WARNING:dns_config_service_win.cc(712)] Failed to read DnsConfig.
[0412/161117.883:WARNING:dns_config_service_win.cc(712)] Failed to read DnsConfig.
[0412/161122.886:WARNING:dns_config_service_win.cc(712)] Failed to read DnsConfig.
[0412/161127.895:WARNING:dns_config_service_win.cc(712)] Failed to read DnsConfig.
[0412/161132.899:WARNING:dns_config_service_win.cc(712)] Failed to read DnsConfig.
[0412/161137.907:WARNING:dns_config_service_win.cc(712)] Failed to read DnsConfig.
[0412/161142.914:WARNING:dns_config_service_win.cc(712)] Failed to read DnsConfig.
[0412/161147.920:WARNING:dns_config_service_win.cc(712)] Failed to read DnsConfig.
[0412/161152.928:WARNING:dns_config_service_win.cc(712)] Failed to read DnsConfig.
[0412/161157.938:WARNING:dns_config_service_win.cc(712)] Failed to read DnsConfig.
[0412/161202.943:WARNING:dns_config_service_win.cc(712)] Failed to read DnsConfig.
[0412/161207.950:WARNING:dns_config_service_win.cc(712)] Failed to read DnsConfig.
[0412/161212.955:WARNING:dns_config_service_win.cc(712)] Failed to read DnsConfig.
[0412/161217.963:WARNING:dns_config_service_win.cc(712)] Failed to read DnsConfig.
[0412/161222.968:WARNING:dns_config_service_win.cc(712)] Failed to read DnsConfig.
[0412/161227.973:WARNING:dns_config_service_win.cc(712)] Failed to read DnsConfig.
[0412/161232.980:WARNING:dns_config_service_win.cc(712)] Failed to read DnsConfig.
[0412/161237.985:WARNING:dns_config_service_win.cc(712)] Failed to read DnsConfig.
[0412/161242.991:WARNING:dns_config_service_win.cc(712)] Failed to read DnsConfig.
[0412/161247.996:WARNING:dns_config_service_win.cc(712)] Failed to read DnsConfig.
[0412/161253.001:WARNING:dns_config_service_win.cc(712)] Failed to read DnsConfig.
[0412/161258.004:WARNING:dns_config_service_win.cc(712)] Failed to read DnsConfig.
[0412/161303.013:WARNING:dns_config_service_win.cc(712)] Failed to read DnsConfig.
[0412/161308.020:WARNING:dns_config_service_win.cc(712)] Failed to read DnsConfig.
[0412/161313.023:WARNING:dns_config_service_win.cc(712)] Failed to read DnsConfig.
[0412/161318.026:WARNING:dns_config_service_win.cc(712)] Failed to read DnsConfig.
[0412/161323.031:WARNING:dns_config_service_win.cc(712)] Failed to read DnsConfig.
[0412/161328.035:WARNING:dns_config_service_win.cc(712)] Failed to read DnsConfig.
[0412/161333.039:WARNING:dns_config_service_win.cc(712)] Failed to read DnsConfig.
[0412/161338.043:WARNING:dns_config_service_win.cc(712)] Failed to read DnsConfig.
[0412/161343.048:WARNING:dns_config_service_win.cc(712)] Failed to read DnsConfig.
[0412/161348.052:WARNING:dns_config_service_win.cc(712)] Failed to read DnsConfig.
[0412/161353.055:WARNING:dns_config_service_win.cc(712)] Failed to read DnsConfig.
[0412/161358.060:WARNING:dns_config_service_win.cc(712)] Failed to read DnsConfig.
[0412/161403.064:WARNING:dns_config_service_win.cc(712)] Failed to read DnsConfig.
[0412/161408.067:WARNING:dns_config_service_win.cc(712)] Failed to read DnsConfig.
[0412/161413.071:WARNING:dns_config_service_win.cc(712)] Failed to read DnsConfig.
[0412/161418.075:WARNING:dns_config_service_win.cc(712)] Failed to read DnsConfig.
[0412/161423.079:WARNING:dns_config_service_win.cc(712)] Failed to read DnsConfig.
[0412/161428.082:WARNING:dns_config_service_win.cc(712)] Failed to read DnsConfig.
[0412/161433.085:WARNING:dns_config_service_win.cc(712)] Failed to read DnsConfig.
[0412/161438.089:WARNING:dns_config_service_win.cc(712)] Failed to read DnsConfig.
[0412/161443.093:WARNING:dns_config_service_win.cc(712)] Failed to read DnsConfig.
[0412/161448.097:WARNING:dns_config_service_win.cc(712)] Failed to read DnsConfig.
[0412/161453.102:WARNING:dns_config_service_win.cc(712)] Failed to read DnsConfig.
[0412/161458.106:WARNING:dns_config_service_win.cc(712)] Failed to read DnsConfig.
[0412/161503.108:WARNING:dns_config_service_win.cc(712)] Failed to read DnsConfig.
[0412/161508.113:WARNING:dns_config_service_win.cc(712)] Failed to read DnsConfig.
[0412/161513.118:WARNING:dns_config_service_win.cc(712)] Failed to read DnsConfig.
[0412/161518.122:WARNING:dns_config_service_win.cc(712)] Failed to read DnsConfig.
[0412/161523.127:WARNING:dns_config_service_win.cc(712)] Failed to read DnsConfig.
[0412/161528.131:WARNING:dns_config_service_win.cc(712)] Failed to read DnsConfig.
[0412/161533.134:WARNING:dns_config_service_win.cc(712)] Failed to read DnsConfig.
[0412/161538.137:WARNING:dns_config_service_win.cc(712)] Failed to read DnsConfig.
[0412/161543.141:WARNING:dns_config_service_win.cc(712)] Failed to read DnsConfig.
[0412/161548.144:WARNING:dns_config_service_win.cc(712)] Failed to read DnsConfig.
[0412/161553.148:WARNING:dns_config_service_win.cc(712)] Failed to read DnsConfig.
[0412/161558.152:WARNING:dns_config_service_win.cc(712)] Failed to read DnsConfig.
[0412/161603.156:WARNING:dns_config_service_win.cc(712)] Failed to read DnsConfig.
[0412/161608.161:WARNING:dns_config_service_win.cc(712)] Failed to read DnsConfig.
[0412/161613.165:WARNING:dns_config_service_win.cc(712)] Failed to read DnsConfig.
[0412/161618.168:WARNING:dns_config_service_win.cc(712)] Failed to read DnsConfig.
[0412/161623.171:WARNING:dns_config_service_win.cc(712)] Failed to read DnsConfig.
[0412/161628.174:WARNING:dns_config_service_win.cc(712)] Failed to read DnsConfig.
[0412/161633.177:WARNING:dns_config_service_win.cc(712)] Failed to read DnsConfig.
[0412/161638.184:WARNING:dns_config_service_win.cc(712)] Failed to read DnsConfig.
[0412/161643.187:WARNING:dns_config_service_win.cc(712)] Failed to read DnsConfig.
[0412/161648.191:WARNING:dns_config_service_win.cc(712)] Failed to read DnsConfig.
[0412/161653.194:WARNING:dns_config_service_win.cc(712)] Failed to read DnsConfig.
[0412/161658.199:WARNING:dns_config_service_win.cc(712)] Failed to read DnsConfig.
[0412/161703.201:WARNING:dns_config_service_win.cc(712)] Failed to read DnsConfig.
[0412/161708.204:WARNING:dns_config_service_win.cc(712)] Failed to read DnsConfig.
[0412/161713.207:WARNING:dns_config_service_win.cc(712)] Failed to read DnsConfig.
[0412/161718.210:WARNING:dns_config_service_win.cc(712)] Failed to read DnsConfig.
[0412/161723.215:WARNING:dns_config_service_win.cc(712)] Failed to read DnsConfig.
[0412/161728.220:WARNING:dns_config_service_win.cc(712)] Failed to read DnsConfig.
[0412/161733.224:WARNING:dns_config_service_win.cc(712)] Failed to read DnsConfig.
[0412/161738.232:WARNING:dns_config_service_win.cc(712)] Failed to read DnsConfig.
[0412/161743.238:WARNING:dns_config_service_win.cc(712)] Failed to read DnsConfig.
[0412/161748.242:WARNING:dns_config_service_win.cc(712)] Failed to read DnsConfig.
[0412/161753.249:WARNING:dns_config_service_win.cc(712)] Failed to read DnsConfig.
[0412/161758.256:WARNING:dns_config_service_win.cc(712)] Failed to read DnsConfig.
[0412/161803.261:WARNING:dns_config_service_win.cc(712)] Failed to read DnsConfig.
[0412/161808.266:WARNING:dns_config_service_win.cc(712)] Failed to read DnsConfig.
[0412/161813.272:WARNING:dns_config_service_win.cc(712)] Failed to read DnsConfig.
[0412/161818.279:WARNING:dns_config_service_win.cc(712)] Failed to read DnsConfig.
[0412/161823.286:WARNING:dns_config_service_win.cc(712)] Failed to read DnsConfig.
[0412/161828.290:WARNING:dns_config_service_win.cc(712)] Failed to read DnsConfig.
[0412/161833.298:WARNING:dns_config_service_win.cc(712)] Failed to read DnsConfig.
[0412/161838.305:WARNING:dns_config_service_win.cc(712)] Failed to read DnsConfig.
[0412/161843.313:WARNING:dns_config_service_win.cc(712)] Failed to read DnsConfig.
[0412/161848.316:WARNING:dns_config_service_win.cc(712)] Failed to read DnsConfig.
[0412/161853.323:WARNING:dns_config_service_win.cc(712)] Failed to read DnsConfig.
[0412/161858.330:WARNING:dns_config_service_win.cc(712)] Failed to read DnsConfig.
[0412/161903.335:WARNING:dns_config_service_win.cc(712)] Failed to read DnsConfig.
[0412/161908.338:WARNING:dns_config_service_win.cc(712)] Failed to read DnsConfig.
[0412/161913.342:WARNING:dns_config_service_win.cc(712)] Failed to read DnsConfig.
[0412/161918.347:WARNING:dns_config_service_win.cc(712)] Failed to read DnsConfig.
[0412/161923.353:WARNING:dns_config_service_win.cc(712)] Failed to read DnsConfig.
[0412/161928.359:WARNING:dns_config_service_win.cc(712)] Failed to read DnsConfig.
[0412/161933.367:WARNING:dns_config_service_win.cc(712)] Failed to read DnsConfig.
[0412/161938.371:WARNING:dns_config_service_win.cc(712)] Failed to read DnsConfig.
[0412/161943.375:WARNING:dns_config_service_win.cc(712)] Failed to read DnsConfig.
[0412/161948.379:WARNING:dns_config_service_win.cc(712)] Failed to read DnsConfig.
[0412/161953.383:WARNING:dns_config_service_win.cc(712)] Failed to read DnsConfig.
